Using pre-set license

 COMMAND LINE ARGUMENTS:
/Applications/Unity/Hub/Editor/2020.3.13f1/Unity.app/Contents/MacOS/Unity
-adb2
-batchMode
-noUpm
-name
AssetImportWorker0
-projectPath
/Users/k20091kk/UnityProject/2d-shooting-game-master
-logFile
Logs/AssetImportWorker0.log
-srvPort
61782
Successfully changed project path to: /Users/k20091kk/UnityProject/2d-shooting-game-master
/Users/k20091kk/UnityProject/2d-shooting-game-master
Using Asset Import Pipeline V2.
Refreshing native plugins compatible for Editor in 116.89 ms, found 2 plugins.
Preloading 0 native plugins for Editor in 0.00 ms.
Initialize engine version: 2020.3.13f1 (71691879b7f5)
[Subsystems] Discovering subsystems at path /Applications/Unity/Hub/Editor/2020.3.13f1/Unity.app/Contents/Resources/UnitySubsystems
[Subsystems] Discovering subsystems at path /Users/k20091kk/UnityProject/2d-shooting-game-master/Assets
GfxDevice: creating device client; threaded=0
2023-03-14 01:32:49.718 Unity[59849:9285172] Color LCD preferred device: Intel(R) UHD Graphics 617 (low power)
2023-03-14 01:32:49.718 Unity[59849:9285172] Metal devices available: 1
2023-03-14 01:32:49.718 Unity[59849:9285172] 0: Intel(R) UHD Graphics 617 (low power)
2023-03-14 01:32:49.718 Unity[59849:9285172] Using device Intel(R) UHD Graphics 617 (low power)
Initializing Metal device caps: Intel(R) UHD Graphics 617
Initialize mono
Mono path[0] = '/Applications/Unity/Hub/Editor/2020.3.13f1/Unity.app/Contents/Managed'
Mono path[1] = '/Applications/Unity/Hub/Editor/2020.3.13f1/Unity.app/Contents/MonoBleedingEdge/lib/mono/unityjit'
Mono config path = '/Applications/Unity/Hub/Editor/2020.3.13f1/Unity.app/Contents/MonoBleedingEdge/etc'
Using monoOptions --debugger-agent=transport=dt_socket,embedding=1,server=y,suspend=n,address=127.0.0.1:56849
Begin MonoManager ReloadAssembly
Registering precompiled unity dll's ...
Register platform support module: /Applications/Unity/Hub/Editor/2020.3.13f1/PlaybackEngines/WebGLSupport/UnityEditor.WebGL.Extensions.dll
Register platform support module: /Applications/Unity/Hub/Editor/2020.3.13f1/Unity.app/Contents/PlaybackEngines/MacStandaloneSupport/UnityEditor.OSXStandalone.Extensions.dll
Registered in 0.006318 seconds.
Native extension for OSXStandalone target not found
Native extension for WebGL target not found
Refreshing native plugins compatible for Editor in 57.52 ms, found 2 plugins.
Preloading 0 native plugins for Editor in 0.00 ms.
Mono: successfully reloaded assembly
- Completed reload, in  3.333 seconds
Platform modules already initialized, skipping
Registering precompiled user dll's ...
Registered in 0.011255 seconds.
Begin MonoManager ReloadAssembly
Native extension for OSXStandalone target not found
Native extension for WebGL target not found
Refreshing native plugins compatible for Editor in 0.59 ms, found 2 plugins.
Preloading 0 native plugins for Editor in 0.00 ms.
Mono: successfully reloaded assembly
- Completed reload, in  1.892 seconds
Platform modules already initialized, skipping
========================================================================
Worker process is ready to serve import requests
Launching external process: /Applications/Unity/Hub/Editor/2020.3.13f1/Unity.app/Contents/Tools/UnityShaderCompiler
Launched and connected shader compiler UnityShaderCompiler after 0.03 seconds
Refreshing native plugins compatible for Editor in 0.77 ms, found 2 plugins.
Preloading 0 native plugins for Editor in 0.00 ms.
Unloading 1738 Unused Serialized files (Serialized files now loaded: 0)
System memory in use before: 156.7 MB.
System memory in use after: 156.7 MB.

Unloading 18 unused Assets to reduce memory usage. Loaded Objects now: 2174.
Total: 3.398435 ms (FindLiveObjects: 0.290858 ms CreateObjectMapping: 0.099079 ms MarkObjects: 2.897091 ms  DeleteObjects: 0.108442 ms)

AssetImportParameters requested are different than current active one (requested -> active):
  custom:video-decoder-ogg-theora: a1e56fd34408186e4bbccfd4996cb3dc -> 
  custom:container-muxer-webm: aa71ff27fc2769a1b78a27578f13a17b -> 
  custom:container-demuxer-webm: 4f35f7cbe854078d1ac9338744f61a02 -> 
  custom:container-demuxer-ogg: 62fdf1f143b41e24485cea50d1cbac27 -> 
  custom:video-encoder-webm-vp8: eb34c28f22e8b96e1ab97ce403110664 -> 
  custom:framework-osx-AVFoundation: e770b220cccbd017edd2c1fefb359320 -> 
  custom:video-decoder-webm-vp8: 9c59270c3fd7afecdb556c50c9e8de78 -> 
  custom:audio-decoder-ogg-vorbis: bf7c407c2cedff20999df2af8eb42d56 -> 
  custom:audio-encoder-webm-vorbis: bf7c407c2cedff20999df2af8eb42d56 -> 
========================================================================
Received Import Request.
  path: Assets/Scenes/Stage3.unity
  artifactKey: Guid(94d68ebe74ae94f55bae0d82796bd728) Importer(815301076,1909f56bfc062723c751e8b465ee728b)
Start importing Assets/Scenes/Stage3.unity using Guid(94d68ebe74ae94f55bae0d82796bd728) Importer(815301076,1909f56bfc062723c751e8b465ee728b)  -> (artifact id: '1767bf2a21f38c05f525986d19b83efa') in 0.034962 seconds 
  Import took 0.043076 seconds .

========================================================================
Received Import Request.
  Time since last request: 0.001792 seconds.
  path: Assets/Scenes/Select.unity
  artifactKey: Guid(fa1d978412fd641febe7ac32409b2eea) Importer(815301076,1909f56bfc062723c751e8b465ee728b)
Start importing Assets/Scenes/Select.unity using Guid(fa1d978412fd641febe7ac32409b2eea) Importer(815301076,1909f56bfc062723c751e8b465ee728b)  -> (artifact id: '0ca6716a6e8b2357a635375526dcb7ea') in 0.001710 seconds 
  Import took 0.007267 seconds .

========================================================================
Received Import Request.
  Time since last request: 0.000463 seconds.
  path: Assets/Scenes/Stage1.unity
  artifactKey: Guid(d736e6b8309c64500a5be1758d954b1b) Importer(815301076,1909f56bfc062723c751e8b465ee728b)
Start importing Assets/Scenes/Stage1.unity using Guid(d736e6b8309c64500a5be1758d954b1b) Importer(815301076,1909f56bfc062723c751e8b465ee728b)  -> (artifact id: '130f9c7cfae8ba1f0f34cf533981ac40') in 0.002083 seconds 
  Import took 0.007436 seconds .

========================================================================
Received Import Request.
  Time since last request: 0.000568 seconds.
  path: Assets/Scenes/Stage2.unity
  artifactKey: Guid(1b8005af35a78495384e8444ee4ef1e2) Importer(815301076,1909f56bfc062723c751e8b465ee728b)
Start importing Assets/Scenes/Stage2.unity using Guid(1b8005af35a78495384e8444ee4ef1e2) Importer(815301076,1909f56bfc062723c751e8b465ee728b)  -> (artifact id: 'de3d66943328a8d948d892073691f327') in 0.001832 seconds 
  Import took 0.012466 seconds .

========================================================================
Received Import Request.
  Time since last request: 1443.692059 seconds.
  path: Assets/Scenes/Guide.unity
  artifactKey: Guid(6c831c337a8cc47a08c597f6d95c20e6) Importer(815301076,1909f56bfc062723c751e8b465ee728b)
Start importing Assets/Scenes/Guide.unity using Guid(6c831c337a8cc47a08c597f6d95c20e6) Importer(815301076,1909f56bfc062723c751e8b465ee728b)  -> (artifact id: 'a5ddb727d2058f6ef1c20a98c05da13c') in 0.032798 seconds 
  Import took 0.122157 seconds .

========================================================================
Received Prepare
Registering precompiled user dll's ...
Registered in 0.014559 seconds.
Begin MonoManager ReloadAssembly
Native extension for OSXStandalone target not found
Native extension for WebGL target not found
Refreshing native plugins compatible for Editor in 0.45 ms, found 2 plugins.
Preloading 0 native plugins for Editor in 0.00 ms.
Mono: successfully reloaded assembly
- Completed reload, in  2.534 seconds
Platform modules already initialized, skipping
Refreshing native plugins compatible for Editor in 0.73 ms, found 2 plugins.
Preloading 0 native plugins for Editor in 0.00 ms.
Unloading 1731 Unused Serialized files (Serialized files now loaded: 0)
System memory in use before: 156.7 MB.
System memory in use after: 156.8 MB.

Unloading 13 unused Assets to reduce memory usage. Loaded Objects now: 2177.
Total: 4.071673 ms (FindLiveObjects: 0.888324 ms CreateObjectMapping: 0.252139 ms MarkObjects: 2.885056 ms  DeleteObjects: 0.044052 ms)

AssetImportParameters requested are different than current active one (requested -> active):
  custom:video-decoder-ogg-theora: a1e56fd34408186e4bbccfd4996cb3dc -> 
  custom:container-muxer-webm: aa71ff27fc2769a1b78a27578f13a17b -> 
  custom:container-demuxer-webm: 4f35f7cbe854078d1ac9338744f61a02 -> 
  custom:container-demuxer-ogg: 62fdf1f143b41e24485cea50d1cbac27 -> 
  custom:video-encoder-webm-vp8: eb34c28f22e8b96e1ab97ce403110664 -> 
  custom:framework-osx-AVFoundation: e770b220cccbd017edd2c1fefb359320 -> 
  custom:video-decoder-webm-vp8: 9c59270c3fd7afecdb556c50c9e8de78 -> 
  custom:audio-decoder-ogg-vorbis: bf7c407c2cedff20999df2af8eb42d56 -> 
  custom:audio-encoder-webm-vorbis: bf7c407c2cedff20999df2af8eb42d56 -> 
========================================================================
Received Prepare
Registering precompiled user dll's ...
Registered in 0.012812 seconds.
Begin MonoManager ReloadAssembly
Native extension for OSXStandalone target not found
Native extension for WebGL target not found
Refreshing native plugins compatible for Editor in 0.50 ms, found 2 plugins.
Preloading 0 native plugins for Editor in 0.00 ms.
Mono: successfully reloaded assembly
- Completed reload, in  2.055 seconds
Platform modules already initialized, skipping
Refreshing native plugins compatible for Editor in 0.62 ms, found 2 plugins.
Preloading 0 native plugins for Editor in 0.00 ms.
Unloading 1731 Unused Serialized files (Serialized files now loaded: 0)
System memory in use before: 157.0 MB.
System memory in use after: 157.1 MB.

Unloading 13 unused Assets to reduce memory usage. Loaded Objects now: 2180.
Total: 3.897239 ms (FindLiveObjects: 0.298623 ms CreateObjectMapping: 0.110084 ms MarkObjects: 3.437823 ms  DeleteObjects: 0.049127 ms)

AssetImportParameters requested are different than current active one (requested -> active):
  custom:video-decoder-ogg-theora: a1e56fd34408186e4bbccfd4996cb3dc -> 
  custom:container-muxer-webm: aa71ff27fc2769a1b78a27578f13a17b -> 
  custom:container-demuxer-webm: 4f35f7cbe854078d1ac9338744f61a02 -> 
  custom:container-demuxer-ogg: 62fdf1f143b41e24485cea50d1cbac27 -> 
  custom:video-encoder-webm-vp8: eb34c28f22e8b96e1ab97ce403110664 -> 
  custom:framework-osx-AVFoundation: e770b220cccbd017edd2c1fefb359320 -> 
  custom:video-decoder-webm-vp8: 9c59270c3fd7afecdb556c50c9e8de78 -> 
  custom:audio-decoder-ogg-vorbis: bf7c407c2cedff20999df2af8eb42d56 -> 
  custom:audio-encoder-webm-vorbis: bf7c407c2cedff20999df2af8eb42d56 -> 
========================================================================
Received Import Request.
  Time since last request: 384.332650 seconds.
  path: Assets/Scenes/Main.unity
  artifactKey: Guid(428cf91b9349144ba9f349661c69fd66) Importer(815301076,1909f56bfc062723c751e8b465ee728b)
Start importing Assets/Scenes/Main.unity using Guid(428cf91b9349144ba9f349661c69fd66) Importer(815301076,1909f56bfc062723c751e8b465ee728b)  -> (artifact id: 'b6e323b4c76bfd8a4bec44eb19f8f5c5') in 0.042323 seconds 
  Import took 0.050331 seconds .

========================================================================
Received Import Request.
  Time since last request: 647.962109 seconds.
  path: Assets/Download/Space Shooter Template FREE
  artifactKey: Guid(4023307c4cb834066803a254e954bbbb) Importer(815301076,1909f56bfc062723c751e8b465ee728b)
Start importing Assets/Download/Space Shooter Template FREE using Guid(4023307c4cb834066803a254e954bbbb) Importer(815301076,1909f56bfc062723c751e8b465ee728b)  -> (artifact id: '58c621bb5c1c7d4c46c6c56a9c7d4861') in 0.011030 seconds 
  Import took 0.072823 seconds .

========================================================================
Received Import Request.
  Time since last request: 16356.253779 seconds.
  path: Assets/Download/Space Shooter Assets/Artwork/enemy/enemy3.png
  artifactKey: Guid(a856d83e2e7d94e209dc9075ecac8312) Importer(815301076,1909f56bfc062723c751e8b465ee728b)
Start importing Assets/Download/Space Shooter Assets/Artwork/enemy/enemy3.png using Guid(a856d83e2e7d94e209dc9075ecac8312) Importer(815301076,1909f56bfc062723c751e8b465ee728b)  -> (artifact id: '8cb3810894a5473a5b31d623913bc61f') in 2.486218 seconds 
  Import took 2.561369 seconds .

========================================================================
Received Import Request.
  Time since last request: 0.002676 seconds.
  path: Assets/Download/Space Shooter Assets/Artwork/enemy/enemy5.png
  artifactKey: Guid(5103790323593436dacc2d917704c123) Importer(815301076,1909f56bfc062723c751e8b465ee728b)
Start importing Assets/Download/Space Shooter Assets/Artwork/enemy/enemy5.png using Guid(5103790323593436dacc2d917704c123) Importer(815301076,1909f56bfc062723c751e8b465ee728b)  -> (artifact id: '98cf853e58160dcca27ecc5edc8b9949') in 0.015033 seconds 
  Import took 0.022371 seconds .

========================================================================
Received Import Request.
  Time since last request: 0.000863 seconds.
  path: Assets/Download/Space Shooter Assets/Artwork/enemy/enemy4.png
  artifactKey: Guid(c79c209290994493fb9cdbae5ba2a887) Importer(815301076,1909f56bfc062723c751e8b465ee728b)
Start importing Assets/Download/Space Shooter Assets/Artwork/enemy/enemy4.png using Guid(c79c209290994493fb9cdbae5ba2a887) Importer(815301076,1909f56bfc062723c751e8b465ee728b)  -> (artifact id: 'd3d17e81aa44f5e5b254109e88c63abf') in 0.015316 seconds 
  Import took 0.023255 seconds .

========================================================================
Received Prepare
Refreshing native plugins compatible for Editor in 14.53 ms, found 2 plugins.
Preloading 0 native plugins for Editor in 0.00 ms.
Unloading 11 Unused Serialized files (Serialized files now loaded: 0)
System memory in use before: 132.1 MB.
System memory in use after: 132.2 MB.

Unloading 11 unused Assets to reduce memory usage. Loaded Objects now: 2186.
Total: 47.420189 ms (FindLiveObjects: 1.109046 ms CreateObjectMapping: 0.140081 ms MarkObjects: 45.881518 ms  DeleteObjects: 0.284006 ms)

AssetImportParameters requested are different than current active one (requested -> active):
  custom:video-decoder-ogg-theora: a1e56fd34408186e4bbccfd4996cb3dc -> 
  custom:container-muxer-webm: aa71ff27fc2769a1b78a27578f13a17b -> 
  custom:container-demuxer-webm: 4f35f7cbe854078d1ac9338744f61a02 -> 
  custom:container-demuxer-ogg: 62fdf1f143b41e24485cea50d1cbac27 -> 
  custom:video-encoder-webm-vp8: eb34c28f22e8b96e1ab97ce403110664 -> 
  custom:framework-osx-AVFoundation: e770b220cccbd017edd2c1fefb359320 -> 
  custom:video-decoder-webm-vp8: 9c59270c3fd7afecdb556c50c9e8de78 -> 
  custom:audio-decoder-ogg-vorbis: bf7c407c2cedff20999df2af8eb42d56 -> 
  custom:audio-encoder-webm-vorbis: bf7c407c2cedff20999df2af8eb42d56 -> 
========================================================================
Received Prepare
Refreshing native plugins compatible for Editor in 15.66 ms, found 2 plugins.
Preloading 0 native plugins for Editor in 0.00 ms.
Unloading 11 Unused Serialized files (Serialized files now loaded: 0)
System memory in use before: 132.2 MB.
System memory in use after: 132.3 MB.

Unloading 11 unused Assets to reduce memory usage. Loaded Objects now: 2186.
Total: 30.369603 ms (FindLiveObjects: 1.126619 ms CreateObjectMapping: 0.101686 ms MarkObjects: 29.049981 ms  DeleteObjects: 0.089195 ms)

AssetImportParameters requested are different than current active one (requested -> active):
  custom:video-decoder-ogg-theora: a1e56fd34408186e4bbccfd4996cb3dc -> 
  custom:container-muxer-webm: aa71ff27fc2769a1b78a27578f13a17b -> 
  custom:container-demuxer-webm: 4f35f7cbe854078d1ac9338744f61a02 -> 
  custom:container-demuxer-ogg: 62fdf1f143b41e24485cea50d1cbac27 -> 
  custom:video-encoder-webm-vp8: eb34c28f22e8b96e1ab97ce403110664 -> 
  custom:framework-osx-AVFoundation: e770b220cccbd017edd2c1fefb359320 -> 
  custom:video-decoder-webm-vp8: 9c59270c3fd7afecdb556c50c9e8de78 -> 
  custom:audio-decoder-ogg-vorbis: bf7c407c2cedff20999df2af8eb42d56 -> 
  custom:audio-encoder-webm-vorbis: bf7c407c2cedff20999df2af8eb42d56 -> 
========================================================================
Received Import Request.
  Time since last request: 1180.020183 seconds.
  path: Assets/Scenes/Main.unity
  artifactKey: Guid(428cf91b9349144ba9f349661c69fd66) Importer(815301076,1909f56bfc062723c751e8b465ee728b)
Start importing Assets/Scenes/Main.unity using Guid(428cf91b9349144ba9f349661c69fd66) Importer(815301076,1909f56bfc062723c751e8b465ee728b)  -> (artifact id: '6a4feee02f59ff91d2580719ca4d1fbd') in 0.044850 seconds 
  Import took 0.268149 seconds .

========================================================================
Received Prepare
Registering precompiled user dll's ...
Registered in 0.007521 seconds.
Begin MonoManager ReloadAssembly
Native extension for OSXStandalone target not found
Native extension for WebGL target not found
Refreshing native plugins compatible for Editor in 1.01 ms, found 2 plugins.
Preloading 0 native plugins for Editor in 0.00 ms.
Mono: successfully reloaded assembly
- Completed reload, in  3.553 seconds
Platform modules already initialized, skipping
Refreshing native plugins compatible for Editor in 0.91 ms, found 2 plugins.
Preloading 0 native plugins for Editor in 0.00 ms.
Unloading 1731 Unused Serialized files (Serialized files now loaded: 0)
System memory in use before: 165.6 MB.
System memory in use after: 165.7 MB.

Unloading 13 unused Assets to reduce memory usage. Loaded Objects now: 2189.
Total: 4.471000 ms (FindLiveObjects: 0.675210 ms CreateObjectMapping: 0.235431 ms MarkObjects: 3.487383 ms  DeleteObjects: 0.071138 ms)

AssetImportParameters requested are different than current active one (requested -> active):
  custom:video-decoder-ogg-theora: a1e56fd34408186e4bbccfd4996cb3dc -> 
  custom:container-muxer-webm: aa71ff27fc2769a1b78a27578f13a17b -> 
  custom:container-demuxer-webm: 4f35f7cbe854078d1ac9338744f61a02 -> 
  custom:container-demuxer-ogg: 62fdf1f143b41e24485cea50d1cbac27 -> 
  custom:video-encoder-webm-vp8: eb34c28f22e8b96e1ab97ce403110664 -> 
  custom:framework-osx-AVFoundation: e770b220cccbd017edd2c1fefb359320 -> 
  custom:video-decoder-webm-vp8: 9c59270c3fd7afecdb556c50c9e8de78 -> 
  custom:audio-decoder-ogg-vorbis: bf7c407c2cedff20999df2af8eb42d56 -> 
  custom:audio-encoder-webm-vorbis: bf7c407c2cedff20999df2af8eb42d56 -> 
========================================================================
Received Import Request.
  Time since last request: 59.751990 seconds.
  path: Assets/Scripts/MainSceneChanger.cs
  artifactKey: Guid(2f3857b65ee004c87a99e5bb68ea469e) Importer(815301076,1909f56bfc062723c751e8b465ee728b)
Start importing Assets/Scripts/MainSceneChanger.cs using Guid(2f3857b65ee004c87a99e5bb68ea469e) Importer(815301076,1909f56bfc062723c751e8b465ee728b)  -> (artifact id: '6f31dca5ab90fb4b13287e9918202861') in 0.571146 seconds 
  Import took 0.577943 seconds .

========================================================================
Received Prepare
Registering precompiled user dll's ...
Registered in 0.004469 seconds.
Begin MonoManager ReloadAssembly
Native extension for OSXStandalone target not found
Native extension for WebGL target not found
Refreshing native plugins compatible for Editor in 0.79 ms, found 2 plugins.
Preloading 0 native plugins for Editor in 0.00 ms.
Mono: successfully reloaded assembly
- Completed reload, in  2.244 seconds
Platform modules already initialized, skipping
Refreshing native plugins compatible for Editor in 1.05 ms, found 2 plugins.
Preloading 0 native plugins for Editor in 0.00 ms.
Unloading 1731 Unused Serialized files (Serialized files now loaded: 0)
System memory in use before: 170.0 MB.
System memory in use after: 170.1 MB.

Unloading 13 unused Assets to reduce memory usage. Loaded Objects now: 2192.
Total: 3.740660 ms (FindLiveObjects: 0.485035 ms CreateObjectMapping: 0.110936 ms MarkObjects: 3.081425 ms  DeleteObjects: 0.060073 ms)

AssetImportParameters requested are different than current active one (requested -> active):
  custom:video-decoder-ogg-theora: a1e56fd34408186e4bbccfd4996cb3dc -> 
  custom:container-muxer-webm: aa71ff27fc2769a1b78a27578f13a17b -> 
  custom:container-demuxer-webm: 4f35f7cbe854078d1ac9338744f61a02 -> 
  custom:container-demuxer-ogg: 62fdf1f143b41e24485cea50d1cbac27 -> 
  custom:video-encoder-webm-vp8: eb34c28f22e8b96e1ab97ce403110664 -> 
  custom:framework-osx-AVFoundation: e770b220cccbd017edd2c1fefb359320 -> 
  custom:video-decoder-webm-vp8: 9c59270c3fd7afecdb556c50c9e8de78 -> 
  custom:audio-decoder-ogg-vorbis: bf7c407c2cedff20999df2af8eb42d56 -> 
  custom:audio-encoder-webm-vorbis: bf7c407c2cedff20999df2af8eb42d56 -> 
========================================================================
Received Prepare
Registering precompiled user dll's ...
Registered in 0.001973 seconds.
Begin MonoManager ReloadAssembly
Native extension for OSXStandalone target not found
Native extension for WebGL target not found
Refreshing native plugins compatible for Editor in 0.48 ms, found 2 plugins.
Preloading 0 native plugins for Editor in 0.00 ms.
Mono: successfully reloaded assembly
- Completed reload, in  1.465 seconds
Platform modules already initialized, skipping
Refreshing native plugins compatible for Editor in 0.50 ms, found 2 plugins.
Preloading 0 native plugins for Editor in 0.00 ms.
Unloading 1731 Unused Serialized files (Serialized files now loaded: 0)
System memory in use before: 170.3 MB.
System memory in use after: 170.4 MB.

Unloading 13 unused Assets to reduce memory usage. Loaded Objects now: 2195.
Total: 3.203675 ms (FindLiveObjects: 0.300411 ms CreateObjectMapping: 0.084172 ms MarkObjects: 2.768586 ms  DeleteObjects: 0.049410 ms)

AssetImportParameters requested are different than current active one (requested -> active):
  custom:video-decoder-ogg-theora: a1e56fd34408186e4bbccfd4996cb3dc -> 
  custom:container-muxer-webm: aa71ff27fc2769a1b78a27578f13a17b -> 
  custom:container-demuxer-webm: 4f35f7cbe854078d1ac9338744f61a02 -> 
  custom:container-demuxer-ogg: 62fdf1f143b41e24485cea50d1cbac27 -> 
  custom:video-encoder-webm-vp8: eb34c28f22e8b96e1ab97ce403110664 -> 
  custom:framework-osx-AVFoundation: e770b220cccbd017edd2c1fefb359320 -> 
  custom:video-decoder-webm-vp8: 9c59270c3fd7afecdb556c50c9e8de78 -> 
  custom:audio-decoder-ogg-vorbis: bf7c407c2cedff20999df2af8eb42d56 -> 
  custom:audio-encoder-webm-vorbis: bf7c407c2cedff20999df2af8eb42d56 -> 
========================================================================
Received Prepare
Registering precompiled user dll's ...
Registered in 0.002129 seconds.
Begin MonoManager ReloadAssembly
Native extension for OSXStandalone target not found
Native extension for WebGL target not found
Refreshing native plugins compatible for Editor in 0.54 ms, found 2 plugins.
Preloading 0 native plugins for Editor in 0.00 ms.
Mono: successfully reloaded assembly
- Completed reload, in  1.825 seconds
Platform modules already initialized, skipping
Refreshing native plugins compatible for Editor in 0.53 ms, found 2 plugins.
Preloading 0 native plugins for Editor in 0.00 ms.
Unloading 1731 Unused Serialized files (Serialized files now loaded: 0)
System memory in use before: 170.5 MB.
System memory in use after: 170.6 MB.

Unloading 13 unused Assets to reduce memory usage. Loaded Objects now: 2198.
Total: 2.635477 ms (FindLiveObjects: 0.247286 ms CreateObjectMapping: 0.090550 ms MarkObjects: 2.268452 ms  DeleteObjects: 0.027918 ms)

AssetImportParameters requested are different than current active one (requested -> active):
  custom:video-decoder-ogg-theora: a1e56fd34408186e4bbccfd4996cb3dc -> 
  custom:container-muxer-webm: aa71ff27fc2769a1b78a27578f13a17b -> 
  custom:container-demuxer-webm: 4f35f7cbe854078d1ac9338744f61a02 -> 
  custom:container-demuxer-ogg: 62fdf1f143b41e24485cea50d1cbac27 -> 
  custom:video-encoder-webm-vp8: eb34c28f22e8b96e1ab97ce403110664 -> 
  custom:framework-osx-AVFoundation: e770b220cccbd017edd2c1fefb359320 -> 
  custom:video-decoder-webm-vp8: 9c59270c3fd7afecdb556c50c9e8de78 -> 
  custom:audio-decoder-ogg-vorbis: bf7c407c2cedff20999df2af8eb42d56 -> 
  custom:audio-encoder-webm-vorbis: bf7c407c2cedff20999df2af8eb42d56 -> 
========================================================================
Received Import Request.
  Time since last request: 198.693750 seconds.
  path: Assets/Scenes/Select.unity
  artifactKey: Guid(fa1d978412fd641febe7ac32409b2eea) Importer(815301076,1909f56bfc062723c751e8b465ee728b)
Start importing Assets/Scenes/Select.unity using Guid(fa1d978412fd641febe7ac32409b2eea) Importer(815301076,1909f56bfc062723c751e8b465ee728b)  -> (artifact id: '23bc834551cc66c71c75e25c6457f470') in 0.019330 seconds 
  Import took 0.024975 seconds .

========================================================================
Received Import Request.
  Time since last request: 0.001225 seconds.
  path: Assets/Scenes/Select.unity
  artifactKey: Guid(fa1d978412fd641febe7ac32409b2eea) Importer(815301076,1909f56bfc062723c751e8b465ee728b)
Start importing Assets/Scenes/Select.unity using Guid(fa1d978412fd641febe7ac32409b2eea) Importer(815301076,1909f56bfc062723c751e8b465ee728b)  -> (artifact id: '23bc834551cc66c71c75e25c6457f470') in 0.002153 seconds 
  Import took 0.010185 seconds .

========================================================================
Received Prepare
Registering precompiled user dll's ...
Registered in 0.011010 seconds.
Begin MonoManager ReloadAssembly
Native extension for OSXStandalone target not found
Native extension for WebGL target not found
Refreshing native plugins compatible for Editor in 0.49 ms, found 2 plugins.
Preloading 0 native plugins for Editor in 0.00 ms.
Mono: successfully reloaded assembly
- Completed reload, in  1.857 seconds
Platform modules already initialized, skipping
Refreshing native plugins compatible for Editor in 0.76 ms, found 2 plugins.
Preloading 0 native plugins for Editor in 0.00 ms.
Unloading 1731 Unused Serialized files (Serialized files now loaded: 0)
System memory in use before: 170.7 MB.
System memory in use after: 170.8 MB.

Unloading 13 unused Assets to reduce memory usage. Loaded Objects now: 2201.
Total: 3.245000 ms (FindLiveObjects: 0.297851 ms CreateObjectMapping: 0.104695 ms MarkObjects: 2.814937 ms  DeleteObjects: 0.026265 ms)

AssetImportParameters requested are different than current active one (requested -> active):
  custom:video-decoder-ogg-theora: a1e56fd34408186e4bbccfd4996cb3dc -> 
  custom:container-muxer-webm: aa71ff27fc2769a1b78a27578f13a17b -> 
  custom:container-demuxer-webm: 4f35f7cbe854078d1ac9338744f61a02 -> 
  custom:container-demuxer-ogg: 62fdf1f143b41e24485cea50d1cbac27 -> 
  custom:video-encoder-webm-vp8: eb34c28f22e8b96e1ab97ce403110664 -> 
  custom:framework-osx-AVFoundation: e770b220cccbd017edd2c1fefb359320 -> 
  custom:video-decoder-webm-vp8: 9c59270c3fd7afecdb556c50c9e8de78 -> 
  custom:audio-decoder-ogg-vorbis: bf7c407c2cedff20999df2af8eb42d56 -> 
  custom:audio-encoder-webm-vorbis: bf7c407c2cedff20999df2af8eb42d56 -> 
========================================================================
Received Prepare
Registering precompiled user dll's ...
Registered in 0.003500 seconds.
Begin MonoManager ReloadAssembly
Native extension for OSXStandalone target not found
Native extension for WebGL target not found
Refreshing native plugins compatible for Editor in 1.46 ms, found 2 plugins.
Preloading 0 native plugins for Editor in 0.00 ms.
Mono: successfully reloaded assembly
- Completed reload, in  5.254 seconds
Platform modules already initialized, skipping
Refreshing native plugins compatible for Editor in 0.57 ms, found 2 plugins.
Preloading 0 native plugins for Editor in 0.00 ms.
Unloading 1731 Unused Serialized files (Serialized files now loaded: 0)
System memory in use before: 170.9 MB.
System memory in use after: 171.0 MB.

Unloading 13 unused Assets to reduce memory usage. Loaded Objects now: 2204.
Total: 4.159137 ms (FindLiveObjects: 0.248666 ms CreateObjectMapping: 0.111371 ms MarkObjects: 3.764692 ms  DeleteObjects: 0.032840 ms)

AssetImportParameters requested are different than current active one (requested -> active):
  custom:video-decoder-ogg-theora: a1e56fd34408186e4bbccfd4996cb3dc -> 
  custom:container-muxer-webm: aa71ff27fc2769a1b78a27578f13a17b -> 
  custom:container-demuxer-webm: 4f35f7cbe854078d1ac9338744f61a02 -> 
  custom:container-demuxer-ogg: 62fdf1f143b41e24485cea50d1cbac27 -> 
  custom:video-encoder-webm-vp8: eb34c28f22e8b96e1ab97ce403110664 -> 
  custom:framework-osx-AVFoundation: e770b220cccbd017edd2c1fefb359320 -> 
  custom:video-decoder-webm-vp8: 9c59270c3fd7afecdb556c50c9e8de78 -> 
  custom:audio-decoder-ogg-vorbis: bf7c407c2cedff20999df2af8eb42d56 -> 
  custom:audio-encoder-webm-vorbis: bf7c407c2cedff20999df2af8eb42d56 -> 
========================================================================
Received Prepare
Refreshing native plugins compatible for Editor in 3.30 ms, found 2 plugins.
Preloading 0 native plugins for Editor in 0.00 ms.
Unloading 11 Unused Serialized files (Serialized files now loaded: 0)
System memory in use before: 137.0 MB.
System memory in use after: 137.1 MB.

Unloading 11 unused Assets to reduce memory usage. Loaded Objects now: 2204.
Total: 4.508144 ms (FindLiveObjects: 0.366341 ms CreateObjectMapping: 0.132352 ms MarkObjects: 3.978890 ms  DeleteObjects: 0.028817 ms)

AssetImportParameters requested are different than current active one (requested -> active):
  custom:video-decoder-ogg-theora: a1e56fd34408186e4bbccfd4996cb3dc -> 
  custom:container-muxer-webm: aa71ff27fc2769a1b78a27578f13a17b -> 
  custom:container-demuxer-webm: 4f35f7cbe854078d1ac9338744f61a02 -> 
  custom:container-demuxer-ogg: 62fdf1f143b41e24485cea50d1cbac27 -> 
  custom:video-encoder-webm-vp8: eb34c28f22e8b96e1ab97ce403110664 -> 
  custom:framework-osx-AVFoundation: e770b220cccbd017edd2c1fefb359320 -> 
  custom:video-decoder-webm-vp8: 9c59270c3fd7afecdb556c50c9e8de78 -> 
  custom:audio-decoder-ogg-vorbis: bf7c407c2cedff20999df2af8eb42d56 -> 
  custom:audio-encoder-webm-vorbis: bf7c407c2cedff20999df2af8eb42d56 -> 
========================================================================
Received Prepare
Refreshing native plugins compatible for Editor in 14.16 ms, found 2 plugins.
Preloading 0 native plugins for Editor in 0.00 ms.
Unloading 11 Unused Serialized files (Serialized files now loaded: 0)
System memory in use before: 137.1 MB.
System memory in use after: 137.2 MB.

Unloading 11 unused Assets to reduce memory usage. Loaded Objects now: 2204.
Total: 32.655534 ms (FindLiveObjects: 1.118924 ms CreateObjectMapping: 0.110644 ms MarkObjects: 31.325738 ms  DeleteObjects: 0.097993 ms)

AssetImportParameters requested are different than current active one (requested -> active):
  custom:video-decoder-ogg-theora: a1e56fd34408186e4bbccfd4996cb3dc -> 
  custom:container-muxer-webm: aa71ff27fc2769a1b78a27578f13a17b -> 
  custom:container-demuxer-webm: 4f35f7cbe854078d1ac9338744f61a02 -> 
  custom:container-demuxer-ogg: 62fdf1f143b41e24485cea50d1cbac27 -> 
  custom:video-encoder-webm-vp8: eb34c28f22e8b96e1ab97ce403110664 -> 
  custom:framework-osx-AVFoundation: e770b220cccbd017edd2c1fefb359320 -> 
  custom:video-decoder-webm-vp8: 9c59270c3fd7afecdb556c50c9e8de78 -> 
  custom:audio-decoder-ogg-vorbis: bf7c407c2cedff20999df2af8eb42d56 -> 
  custom:audio-encoder-webm-vorbis: bf7c407c2cedff20999df2af8eb42d56 -> 
========================================================================
Received Prepare
Registering precompiled user dll's ...
Registered in 0.003881 seconds.
Begin MonoManager ReloadAssembly
Native extension for OSXStandalone target not found
Native extension for WebGL target not found
Refreshing native plugins compatible for Editor in 0.89 ms, found 2 plugins.
Preloading 0 native plugins for Editor in 0.00 ms.
Mono: successfully reloaded assembly
- Completed reload, in  5.226 seconds
Platform modules already initialized, skipping
Refreshing native plugins compatible for Editor in 0.46 ms, found 2 plugins.
Preloading 0 native plugins for Editor in 0.00 ms.
Unloading 1731 Unused Serialized files (Serialized files now loaded: 0)
System memory in use before: 171.3 MB.
System memory in use after: 171.4 MB.

Unloading 13 unused Assets to reduce memory usage. Loaded Objects now: 2207.
Total: 2.694928 ms (FindLiveObjects: 0.282673 ms CreateObjectMapping: 0.086918 ms MarkObjects: 2.279226 ms  DeleteObjects: 0.044627 ms)

AssetImportParameters requested are different than current active one (requested -> active):
  custom:video-decoder-ogg-theora: a1e56fd34408186e4bbccfd4996cb3dc -> 
  custom:container-muxer-webm: aa71ff27fc2769a1b78a27578f13a17b -> 
  custom:container-demuxer-webm: 4f35f7cbe854078d1ac9338744f61a02 -> 
  custom:container-demuxer-ogg: 62fdf1f143b41e24485cea50d1cbac27 -> 
  custom:video-encoder-webm-vp8: eb34c28f22e8b96e1ab97ce403110664 -> 
  custom:framework-osx-AVFoundation: e770b220cccbd017edd2c1fefb359320 -> 
  custom:video-decoder-webm-vp8: 9c59270c3fd7afecdb556c50c9e8de78 -> 
  custom:audio-decoder-ogg-vorbis: bf7c407c2cedff20999df2af8eb42d56 -> 
  custom:audio-encoder-webm-vorbis: bf7c407c2cedff20999df2af8eb42d56 -> 
========================================================================
Received Prepare
Refreshing native plugins compatible for Editor in 2.74 ms, found 2 plugins.
Preloading 0 native plugins for Editor in 0.00 ms.
Unloading 11 Unused Serialized files (Serialized files now loaded: 0)
System memory in use before: 137.4 MB.
System memory in use after: 137.5 MB.

Unloading 11 unused Assets to reduce memory usage. Loaded Objects now: 2207.
Total: 3.097893 ms (FindLiveObjects: 0.609969 ms CreateObjectMapping: 0.199921 ms MarkObjects: 2.266121 ms  DeleteObjects: 0.020966 ms)

AssetImportParameters requested are different than current active one (requested -> active):
  custom:video-decoder-ogg-theora: a1e56fd34408186e4bbccfd4996cb3dc -> 
  custom:container-muxer-webm: aa71ff27fc2769a1b78a27578f13a17b -> 
  custom:container-demuxer-webm: 4f35f7cbe854078d1ac9338744f61a02 -> 
  custom:container-demuxer-ogg: 62fdf1f143b41e24485cea50d1cbac27 -> 
  custom:video-encoder-webm-vp8: eb34c28f22e8b96e1ab97ce403110664 -> 
  custom:framework-osx-AVFoundation: e770b220cccbd017edd2c1fefb359320 -> 
  custom:video-decoder-webm-vp8: 9c59270c3fd7afecdb556c50c9e8de78 -> 
  custom:audio-decoder-ogg-vorbis: bf7c407c2cedff20999df2af8eb42d56 -> 
  custom:audio-encoder-webm-vorbis: bf7c407c2cedff20999df2af8eb42d56 -> 
